<?xml version="1.0" encoding="UTF-8"?>
<!-- Generated by org.testng.reporters.JUnitReportReporter -->
<testsuite skipped="1" hostname="DESKTOP-4S1ODMQ" name="com.spraxa.steris.framwork.loginpage.ExtentReportsClass" tests="3" failures="0" timestamp="19 Aug 2019 08:16:39 GMT" time="0.012" errors="0">
  <testcase name="passTest" time="0.001" classname="com.spraxa.steris.framwork.loginpage.ExtentReportsClass"/>
  <testcase name="skipTest" time="0.003" classname="com.spraxa.steris.framwork.loginpage.ExtentReportsClass">
    <skipped/>
  </testcase> <!-- skipTest -->
  <testcase name="failTest" time="0.008" classname="com.spraxa.steris.framwork.loginpage.ExtentReportsClass"/>
</testsuite> <!-- com.spraxa.steris.framwork.loginpage.ExtentReportsClass -->
