<?xml version="1.0" encoding="UTF-8"?>
<!-- Generated by org.testng.reporters.JUnitReportReporter -->
<testsuite skipped="0" hostname="DESKTOP-4S1ODMQ" name="com.spraxa.steris.framwork.testcase.LoginPageTest" tests="1" failures="0" timestamp="24 Sep 2019 12:23:44 GMT" time="27.387" errors="0">
  <testcase name="validLoginTest" time="27.387" classname="com.spraxa.steris.framwork.testcase.LoginPageTest"/>
</testsuite> <!-- com.spraxa.steris.framwork.testcase.LoginPageTest -->
