<?xml version="1.0" encoding="UTF-8"?>
<!-- Generated by org.testng.reporters.JUnitReportReporter -->
<testsuite skipped="0" hostname="DESKTOP-4S1ODMQ" name="com.spraxa.somatus.framwork.testcase.HomePageTest" tests="2" failures="0" timestamp="22 Sep 2019 04:11:46 GMT" time="160.046" errors="0">
  <testcase name="tc_02VerifyAddCarePlan" time="59.171" classname="com.spraxa.somatus.framwork.testcase.HomePageTest"/>
  <testcase name="tc_01VerifyCareNoteSummaryButton" time="100.875" classname="com.spraxa.somatus.framwork.testcase.HomePageTest"/>
</testsuite> <!-- com.spraxa.somatus.framwork.testcase.HomePageTest -->
